This is TeX, Version 3.1415926 (TeX Live 2009/Debian) (format=tex 2012.2.16)  11 APR 2013 15:53
**paraliteman.tex
(./paraliteman.tex (./texinfo.tex Loading texinfo [version 2003-02-03.16]:
Basics,
\bindingoffset=\dimen16
\normaloffset=\dimen17
\pagewidth=\dimen18
\pageheight=\dimen19
\outerhsize=\dimen20
\outervsize=\dimen21
\cornerlong=\dimen22
\cornerthick=\dimen23
\topandbottommargin=\dimen24
\headlinebox=\box16
\footlinebox=\box17
\margin=\insert252
\EMsimple=\toks12
\groupbox=\box18
\groupinvalidhelp=\toks13
\mil=\dimen25
\exdentamount=\skip18
\inmarginspacing=\skip19
 pdf,
\tempnum=\count26
\lnkcount=\count27
\filename=\toks14
\filenamelength=\count28
\pgn=\count29
\toksA=\toks15
\toksB=\toks16
\toksC=\toks17
\toksD=\toks18
\boxA=\box19
\countA=\count30
 fonts,
\sffam=\fam8
\textleading=\dimen26
\mainmagstep=\count31
\fontdepth=\count32
 page headings,
\titlepagetopglue=\skip20
\titlepagebottomglue=\skip21
\evenheadline=\toks19
\oddheadline=\toks20
\evenfootline=\toks21
\oddfootline=\toks22
 tables,
\tableindent=\dimen27
\itemindent=\dimen28
\itemmargin=\dimen29
\itemmax=\dimen30
\itemno=\count33
\multitableparskip=\skip22
\multitableparindent=\skip23
\multitablecolspace=\dimen31
\multitablelinespace=\skip24
\colcount=\count34
\savedfootnotes=\box20
 conditionals, indexing,
\secondaryindent=\skip25
\partialpage=\box21
\doublecolumnhsize=\dimen32
 sectioning,
\chapno=\count35
\secno=\count36
\subsecno=\count37
\subsubsecno=\count38
\appendixno=\count39
\absseclevel=\count40
\secbase=\count41
\chapheadingskip=\skip26
\secheadingskip=\skip27
\subsecheadingskip=\skip28

toc,
\tocfile=\write0
\contentsrightmargin=\skip29
\savepageno=\count42
\lastnegativepageno=\count43
\shortappendixwidth=\dimen33
\tocindent=\dimen34
 environments,
\errorbox=\box22
\lispnarrowing=\skip30
\envskipamount=\skip31
\circthick=\dimen35
\cartouter=\dimen36
\cartinner=\dimen37
\normbskip=\skip32
\normpskip=\skip33
\normlskip=\skip34
\lskip=\skip35
\rskip=\skip36
\tabw=\dimen38
 defuns,
\defbodyindent=\skip37
\defargsindent=\skip38
\deflastargmargin=\skip39
\parencount=\count44
 macros,
\macscribble=\write1
\paramno=\count45
\macname=\toks23
 cross references,
\auxfile=\write2
\savesfregister=\count46
\footnoteno=\count47

(/usr/share/texmf-texlive/tex/generic/epsf/epsf.tex
This is `epsf.tex' v2.7.3 <23 July 2005>
\epsffilein=\read0
\epsfframemargin=\dimen39
\epsfframethickness=\dimen40
\epsfrsize=\dimen41
\epsftmp=\dimen42
\epsftsize=\dimen43
\epsfxsize=\dimen44
\epsfysize=\dimen45
\pspoints=\dimen46
)
\noepsfhelp=\toks24
 localization,
\nolanghelp=\toks25
\defaultparindent=\dimen47
 and turning on texinfo input format.) (./paraliteman.aux)
@cpindfile=@write3
@fnindfile=@write4
@vrindfile=@write5
@tpindfile=@write6
@kyindfile=@write7
@pgindfile=@write8

[1
\openout2 = `paraliteman.aux'.

\openout3 = `paraliteman.cp'.

\openout4 = `paraliteman.fn'.

\openout5 = `paraliteman.vr'.

\openout6 = `paraliteman.tp'.

\openout7 = `paraliteman.ky'.

\openout8 = `paraliteman.pg'.

] [2] (./paraliteman.toc) [-1] Chapter 1
\openout0 = `paraliteman.toc'.

 Chapter 2 [1] [2]
Overfull \hbox (49.43388pt too wide) in paragraph at lines 208--208
 []@texttt $ par-alite test.db "cre-ate ta-ble x(a, b) [par-ti-tion by key1, ke
y2] [replica 3]"[] |

@hbox(7.60416+2.43333)x433.62
.@glue(@leftskip) 28.90755
.@hbox(0.0+0.0)x0.0
.@texttt $
.@penalty 10000
.@glue 5.74869
.etc.


Overfull \hbox (55.18257pt too wide) in paragraph at lines 230--230
 []@texttt $ par-alite test.db ".im-port test.dat x -column_separator ### -row_
separator ==="[] |

@hbox(7.60416+2.43333)x433.62
.@glue(@leftskip) 28.90755
.@hbox(0.0+0.0)x0.0
.@texttt $
.@penalty 10000
.@glue 5.74869
.etc.

[3]
Overfull \hbox (20.69044pt too wide) in paragraph at lines 276--276
 []     @texttt out-put std-out out-put_row_delimiter NEW_LINE out-put_col_deli
miter NULL[] |

@hbox(6.69167+2.43333)x433.62
.@glue(@leftskip) 28.90755
.@hbox(0.0+0.0)x0.0
.@penalty 10000
.@glue 5.74869
.@penalty 10000
.etc.


Overfull \hbox (14.94176pt too wide) in paragraph at lines 301--301
 []@texttt 82718 | I am study-ing in the lab. I want to go out-side and play pi
ngpong.[] |

@hbox(7.60416+2.43333)x433.62
.@glue(@leftskip) 28.90755
.@hbox(0.0+0.0)x0.0
.@texttt 8
.@texttt 2
.@texttt 7
.etc.

[4]
Overfull \hbox (55.18257pt too wide) in paragraph at lines 312--312
 []@texttt $ par-alite test.db "se-lect doc-u-ment_id, F(text) from doc-u-ment 
with F=\"ss\" out-|

@hbox(7.60416+2.43333)x433.62
.@glue(@leftskip) 28.90755
.@hbox(0.0+0.0)x0.0
.@texttt $
.@penalty 10000
.@glue 5.74869
.etc.


Overfull \hbox (55.18257pt too wide) in paragraph at lines 317--317
 []@texttt $ par-alite test.db "se-lect doc-u-ment_id, F(text) from doc-u-ment 
with F=\"ss\" out-|

@hbox(7.60416+2.43333)x433.62
.@glue(@leftskip) 28.90755
.@hbox(0.0+0.0)x0.0
.@texttt $
.@penalty 10000
.@glue 5.74869
.etc.


Overfull \hbox (20.69044pt too wide) in paragraph at lines 344--344
 []                 @texttt [-row_separator row_sep][] Im-port data from FILE i
nto TABLE[] |

@hbox(7.60416+2.43333)x433.62
.@glue(@leftskip) 28.90755
.@hbox(0.0+0.0)x0.0
.@penalty 10000
.@glue 5.74869
.@penalty 10000
.etc.


Overfull \hbox (32.18782pt too wide) in paragraph at lines 349--349
 []@texttt .row_separator STRING[]   Change row sep-a-ra-tor used by out-put mo
de and .import[] |

@hbox(6.69167+2.43333)x433.62
.@glue(@leftskip) 28.90755
.@hbox(0.0+0.0)x0.0
.@texttt .
.@texttt r
.@texttt o
.etc.


Overfull \hbox (32.18782pt too wide) in paragraph at lines 350--350
 []@texttt .col_separator STRING[]   Change col sep-a-ra-tor used by out-put mo
de and .import[] |

@hbox(6.69167+2.43333)x433.62
.@glue(@leftskip) 28.90755
.@hbox(0.0+0.0)x0.0
.@texttt .
.@texttt c
.@texttt o
.etc.

[5]
Overfull \hbox (78.17732pt too wide) in paragraph at lines 374--374
 []@texttt $ par-alite test.db ".an-a-lyze 'se-lect F(a) from x, y where x.a = 
y.b' with F=\"cmd\""[] |

@hbox(7.60416+2.43333)x433.62
.@glue(@leftskip) 28.90755
.@hbox(0.0+0.0)x0.0
.@texttt $
.@penalty 10000
.@glue 5.74869
.etc.

Chapter 3 [6] [7] ) 
Here is how much of TeX's memory you used:
 1324 strings out of 497975
 14326 string characters out of 1220850
 34484 words of memory out of 3000000
 2207 multiletter control sequences out of 15000+50000
 31953 words of font info for 111 fonts, out of 3000000 for 9000
 19 hyphenation exceptions out of 8191
 12i,5n,10p,238b,284s stack positions out of 5000i,500n,10000p,200000b,50000s

Output written on paraliteman.dvi (10 pages, 19872 bytes).
